<?xml version="1.0" encoding="UTF-8"?>
<!-- Generated by org.testng.reporters.JUnitReportReporter -->
<testsuite hostname="GeethaDevi" failures="0" tests="1" name="Demo.test1" time="13.212" errors="0" timestamp="2022-10-20T20:51:00 IST" skipped="0">
  <testcase classname="Demo.test1" name="test1" time="13.212"/>
  <system-out/>
</testsuite> <!-- Demo.test1 -->
